In file included from src/caffe/util/sampler.cpp:4:0:
./include/caffe/util/bbox_util.hpp:23:9: error: ‘EmitConstraint_EmitType’ does not name a type
 typedef EmitConstraint_EmitType EmitType;
         ^
./include/caffe/util/bbox_util.hpp:25:9: error: ‘MultiBoxLossParameter_MatchType’ does not name a type
 typedef MultiBoxLossParameter_MatchType MatchType;
         ^
./include/caffe/util/bbox_util.hpp:26:9: error: ‘MultiBoxLossParameter_LocLossType’ does not name a type
 typedef MultiBoxLossParameter_LocLossType LocLossType;
         ^
./include/caffe/util/bbox_util.hpp:27:9: error: ‘MultiBoxLossParameter_ConfLossType’ does not name a type
 typedef MultiBoxLossParameter_ConfLossType ConfLossType;
         ^
./include/caffe/util/bbox_util.hpp:28:9: error: ‘MultiBoxLossParameter_MiningType’ does not name a type
 typedef MultiBoxLossParameter_MiningType MiningType;
         ^
./include/caffe/util/bbox_util.hpp:30:25: error: ‘NormalizedBBox’ was not declared in this scope
 typedef map<int, vector<NormalizedBBox> > LabelBBox;
                         ^
./include/caffe/util/bbox_util.hpp:30:39: error: template argument 1 is invalid
 typedef map<int, vector<NormalizedBBox> > LabelBBox;
                                       ^
./include/caffe/util/bbox_util.hpp:30:39: error: template argument 2 is invalid
./include/caffe/util/bbox_util.hpp:30:41: error: template argument 2 is invalid
 typedef map<int, vector<NormalizedBBox> > LabelBBox;
                                         ^
./include/caffe/util/bbox_util.hpp:30:41: error: template argument 4 is invalid
./include/caffe/util/bbox_util.hpp:34:27: error: ‘NormalizedBBox’ does not name a type
 bool SortBBoxAscend(const NormalizedBBox& bbox1, const NormalizedBBox& bbox2);
                           ^
./include/caffe/util/bbox_util.hpp:34:56: error: ‘NormalizedBBox’ does not name a type
 bool SortBBoxAscend(const NormalizedBBox& bbox1, const NormalizedBBox& bbox2);
                                                        ^
./include/caffe/util/bbox_util.hpp:38:28: error: ‘NormalizedBBox’ does not name a type
 bool SortBBoxDescend(const NormalizedBBox& bbox1, const NormalizedBBox& bbox2);
                            ^
./include/caffe/util/bbox_util.hpp:38:57: error: ‘NormalizedBBox’ does not name a type
 bool SortBBoxDescend(const NormalizedBBox& bbox1, const NormalizedBBox& bbox2);
                                                         ^
./include/caffe/util/bbox_util.hpp:53:1: error: ‘NormalizedBBox’ does not name a type
 NormalizedBBox UnitBBox();
 ^
./include/caffe/util/bbox_util.hpp:56:32: error: ‘NormalizedBBox’ does not name a type
 bool IsCrossBoundaryBBox(const NormalizedBBox& bbox);
                                ^
./include/caffe/util/bbox_util.hpp:59:26: error: ‘NormalizedBBox’ does not name a type
 void IntersectBBox(const NormalizedBBox& bbox1, const NormalizedBBox& bbox2,
                          ^
./include/caffe/util/bbox_util.hpp:59:55: error: ‘NormalizedBBox’ does not name a type
 void IntersectBBox(const NormalizedBBox& bbox1, const NormalizedBBox& bbox2,
                                                       ^
./include/caffe/util/bbox_util.hpp:60:20: error: ‘NormalizedBBox’ has not been declared
                    NormalizedBBox* intersect_bbox);
                    ^
./include/caffe/util/bbox_util.hpp:63:22: error: ‘NormalizedBBox’ does not name a type
 float BBoxSize(const NormalizedBBox& bbox, const bool normalized = true);
                      ^
./include/caffe/util/bbox_util.hpp:69:21: error: ‘NormalizedBBox’ does not name a type
 void ClipBBox(const NormalizedBBox& bbox, NormalizedBBox* clip_bbox);
                     ^
./include/caffe/util/bbox_util.hpp:69:43: error: ‘NormalizedBBox’ has not been declared
 void ClipBBox(const NormalizedBBox& bbox, NormalizedBBox* clip_bbox);
                                           ^
./include/caffe/util/bbox_util.hpp:72:21: error: ‘NormalizedBBox’ does not name a type
 void ClipBBox(const NormalizedBBox& bbox, const float height, const float width,
                     ^
./include/caffe/util/bbox_util.hpp:73:15: error: ‘NormalizedBBox’ has not been declared
               NormalizedBBox* clip_bbox);
               ^
./include/caffe/util/bbox_util.hpp:76:22: error: ‘NormalizedBBox’ does not name a type
 void ScaleBBox(const NormalizedBBox& bbox, const int height, const int width,
                      ^
./include/caffe/util/bbox_util.hpp:77:16: error: ‘NormalizedBBox’ has not been declared
                NormalizedBBox* scale_bbox);
                ^
./include/caffe/util/bbox_util.hpp:80:23: error: ‘NormalizedBBox’ does not name a type
 void OutputBBox(const NormalizedBBox& bbox, const pair<int, int>& img_size,
                       ^
./include/caffe/util/bbox_util.hpp:81:46: error: ‘ResizeParameter’ does not name a type
                 const bool has_resize, const ResizeParameter& resize_param,
                                              ^
./include/caffe/util/bbox_util.hpp:82:17: error: ‘NormalizedBBox’ has not been declared
                 NormalizedBBox* out_bbox);
                 ^
./include/caffe/util/bbox_util.hpp:85:23: error: ‘NormalizedBBox’ does not name a type
 void LocateBBox(const NormalizedBBox& src_bbox, const NormalizedBBox& bbox,
                       ^
./include/caffe/util/bbox_util.hpp:85:55: error: ‘NormalizedBBox’ does not name a type
 void LocateBBox(const NormalizedBBox& src_bbox, const NormalizedBBox& bbox,
                                                       ^
./include/caffe/util/bbox_util.hpp:86:17: error: ‘NormalizedBBox’ has not been declared
                 NormalizedBBox* loc_bbox);
                 ^
./include/caffe/util/bbox_util.hpp:89:24: error: ‘NormalizedBBox’ does not name a type
 bool ProjectBBox(const NormalizedBBox& src_bbox, const NormalizedBBox& bbox,
                        ^
./include/caffe/util/bbox_util.hpp:89:56: error: ‘NormalizedBBox’ does not name a type
 bool ProjectBBox(const NormalizedBBox& src_bbox, const NormalizedBBox& bbox,
                                                        ^
./include/caffe/util/bbox_util.hpp:90:18: error: ‘NormalizedBBox’ has not been declared
                  NormalizedBBox* proj_bbox);
                  ^
./include/caffe/util/bbox_util.hpp:94:28: error: ‘ResizeParameter’ does not name a type
 void ExtrapolateBBox(const ResizeParameter& param, const int height,
                            ^
./include/caffe/util/bbox_util.hpp:95:28: error: ‘NormalizedBBox’ does not name a type
     const int width, const NormalizedBBox& crop_bbox, NormalizedBBox* bbox);
                            ^
./include/caffe/util/bbox_util.hpp:95:55: error: ‘NormalizedBBox’ has not been declared
     const int width, const NormalizedBBox& crop_bbox, NormalizedBBox* bbox);
                                                       ^
./include/caffe/util/bbox_util.hpp:98:28: error: ‘NormalizedBBox’ does not name a type
 float JaccardOverlap(const NormalizedBBox& bbox1, const NormalizedBBox& bbox2,
                            ^
./include/caffe/util/bbox_util.hpp:98:57: error: ‘NormalizedBBox’ does not name a type
 float JaccardOverlap(const NormalizedBBox& bbox1, const NormalizedBBox& bbox2,
                                                         ^
./include/caffe/util/bbox_util.hpp:105:26: error: ‘NormalizedBBox’ does not name a type
 float BBoxCoverage(const NormalizedBBox& bbox1, const NormalizedBBox& bbox2);
                          ^
./include/caffe/util/bbox_util.hpp:105:55: error: ‘NormalizedBBox’ does not name a type
 float BBoxCoverage(const NormalizedBBox& bbox1, const NormalizedBBox& bbox2);
                                                       ^
./include/caffe/util/bbox_util.hpp:108:23: error: ‘NormalizedBBox’ does not name a type
 void EncodeBBox(const NormalizedBBox& prior_bbox,
                       ^
./include/caffe/util/bbox_util.hpp:110:49: error: ‘NormalizedBBox’ does not name a type
     const bool encode_variance_in_target, const NormalizedBBox& bbox,
                                                 ^
./include/caffe/util/bbox_util.hpp:111:5: error: ‘NormalizedBBox’ has not been declared
     NormalizedBBox* encode_bbox);
     ^
./include/caffe/util/bbox_util.hpp:114:31: error: ‘NormalizedBBox’ does not name a type
 bool MeetEmitConstraint(const NormalizedBBox& src_bbox,
                               ^
./include/caffe/util/bbox_util.hpp:115:11: error: ‘NormalizedBBox’ does not name a type
     const NormalizedBBox& bbox, const EmitConstraint& emit_constraint);
           ^
./include/caffe/util/bbox_util.hpp:115:39: error: ‘EmitConstraint’ does not name a type
     const NormalizedBBox& bbox, const EmitConstraint& emit_constraint);
                                       ^
./include/caffe/util/bbox_util.hpp:118:23: error: ‘NormalizedBBox’ does not name a type
 void DecodeBBox(const NormalizedBBox& prior_bbox,
                       ^
./include/caffe/util/bbox_util.hpp:121:11: error: ‘NormalizedBBox’ does not name a type
     const NormalizedBBox& bbox, NormalizedBBox* decode_bbox);
           ^
./include/caffe/util/bbox_util.hpp:121:33: error: ‘NormalizedBBox’ has not been declared
     const NormalizedBBox& bbox, NormalizedBBox* decode_bbox);
                                 ^
./include/caffe/util/bbox_util.hpp:124:32: error: ‘NormalizedBBox’ was not declared in this scope
 void DecodeBBoxes(const vector<NormalizedBBox>& prior_bboxes,
                                ^
./include/caffe/util/bbox_util.hpp:124:46: error: template argument 1 is invalid
 void DecodeBBoxes(const vector<NormalizedBBox>& prior_bboxes,
                                              ^
./include/caffe/util/bbox_util.hpp:124:46: error: template argument 2 is invalid
./include/caffe/util/bbox_util.hpp:127:40: error: ‘NormalizedBBox’ was not declared in this scope
     const bool clip_bbox, const vector<NormalizedBBox>& bboxes,
                                        ^
./include/caffe/util/bbox_util.hpp:127:54: error: template argument 1 is invalid
     const bool clip_bbox, const vector<NormalizedBBox>& bboxes,
                                                      ^
./include/caffe/util/bbox_util.hpp:127:54: error: template argument 2 is invalid
./include/caffe/util/bbox_util.hpp:128:12: error: ‘NormalizedBBox’ was not declared in this scope
     vector<NormalizedBBox>* decode_bboxes);
            ^
./include/caffe/util/bbox_util.hpp:128:26: error: template argument 1 is invalid
     vector<NormalizedBBox>* decode_bboxes);
                          ^
./include/caffe/util/bbox_util.hpp:128:26: error: template argument 2 is invalid
./include/caffe/util/bbox_util.hpp:132:18: error: ‘NormalizedBBox’ was not declared in this scope
     const vector<NormalizedBBox>& prior_bboxes,
                  ^
./include/caffe/util/bbox_util.hpp:132:32: error: template argument 1 is invalid
     const vector<NormalizedBBox>& prior_bboxes,
                                ^
./include/caffe/util/bbox_util.hpp:132:32: error: template argument 2 is invalid
./include/caffe/util/bbox_util.hpp:140:29: error: ‘NormalizedBBox’ was not declared in this scope
 void MatchBBox(const vector<NormalizedBBox>& gt,
                             ^
./include/caffe/util/bbox_util.hpp:140:43: error: template argument 1 is invalid
 void MatchBBox(const vector<NormalizedBBox>& gt,
                                           ^
./include/caffe/util/bbox_util.hpp:140:43: error: template argument 2 is invalid
./include/caffe/util/bbox_util.hpp:141:18: error: ‘NormalizedBBox’ was not declared in this scope
     const vector<NormalizedBBox>& pred_bboxes, const int label,
                  ^
./include/caffe/util/bbox_util.hpp:141:32: error: template argument 1 is invalid
     const vector<NormalizedBBox>& pred_bboxes, const int label,
                                ^
./include/caffe/util/bbox_util.hpp:141:32: error: template argument 2 is invalid
./include/caffe/util/bbox_util.hpp:142:11: error: ‘MatchType’ does not name a type
     const MatchType match_type, const float overlap_threshold,
           ^
./include/caffe/util/bbox_util.hpp:156:29: error: ‘NormalizedBBox’ was not declared in this scope
       const map<int, vector<NormalizedBBox> >& all_gt_bboxes,
                             ^
./include/caffe/util/bbox_util.hpp:156:43: error: template argument 1 is invalid
       const map<int, vector<NormalizedBBox> >& all_gt_bboxes,
                                           ^
./include/caffe/util/bbox_util.hpp:156:43: error: template argument 2 is invalid
./include/caffe/util/bbox_util.hpp:156:45: error: template argument 2 is invalid
       const map<int, vector<NormalizedBBox> >& all_gt_bboxes,
                                             ^
./include/caffe/util/bbox_util.hpp:156:45: error: template argument 4 is invalid
./include/caffe/util/bbox_util.hpp:157:20: error: ‘NormalizedBBox’ was not declared in this scope
       const vector<NormalizedBBox>& prior_bboxes,
                    ^
./include/caffe/util/bbox_util.hpp:157:34: error: template argument 1 is invalid
       const vector<NormalizedBBox>& prior_bboxes,
                                  ^
./include/caffe/util/bbox_util.hpp:157:34: error: template argument 2 is invalid
./include/caffe/util/bbox_util.hpp:159:13: error: ‘MultiBoxLossParameter’ does not name a type
       const MultiBoxLossParameter& multibox_loss_param,
             ^
./include/caffe/util/bbox_util.hpp:179:29: error: ‘caffe::Blob’ is not a template
 void MineHardExamples(const Blob<Dtype>& conf_blob,
                             ^
./include/caffe/util/bbox_util.hpp:181:27: error: ‘NormalizedBBox’ was not declared in this scope
     const map<int, vector<NormalizedBBox> >& all_gt_bboxes,
                           ^
./include/caffe/util/bbox_util.hpp:181:41: error: template argument 1 is invalid
     const map<int, vector<NormalizedBBox> >& all_gt_bboxes,
                                         ^
./include/caffe/util/bbox_util.hpp:181:41: error: template argument 2 is invalid
./include/caffe/util/bbox_util.hpp:181:43: error: template argument 2 is invalid
     const map<int, vector<NormalizedBBox> >& all_gt_bboxes,
                                           ^
./include/caffe/util/bbox_util.hpp:181:43: error: template argument 4 is invalid
./include/caffe/util/bbox_util.hpp:182:18: error: ‘NormalizedBBox’ was not declared in this scope
     const vector<NormalizedBBox>& prior_bboxes,
                  ^
./include/caffe/util/bbox_util.hpp:182:32: error: template argument 1 is invalid
     const vector<NormalizedBBox>& prior_bboxes,
                                ^
./include/caffe/util/bbox_util.hpp:182:32: error: template argument 2 is invalid
./include/caffe/util/bbox_util.hpp:185:11: error: ‘MultiBoxLossParameter’ does not name a type
     const MultiBoxLossParameter& multibox_loss_param,
           ^
./include/caffe/util/bbox_util.hpp:200:23: error: ‘NormalizedBBox’ was not declared in this scope
       map<int, vector<NormalizedBBox> >* all_gt_bboxes);
                       ^
./include/caffe/util/bbox_util.hpp:200:37: error: template argument 1 is invalid
       map<int, vector<NormalizedBBox> >* all_gt_bboxes);
                                     ^
./include/caffe/util/bbox_util.hpp:200:37: error: template argument 2 is invalid
./include/caffe/util/bbox_util.hpp:200:39: error: template argument 2 is invalid
       map<int, vector<NormalizedBBox> >* all_gt_bboxes);
                                       ^
./include/caffe/util/bbox_util.hpp:200:39: error: template argument 4 is invalid
./include/caffe/util/bbox_util.hpp:233:29: error: ‘NormalizedBBox’ was not declared in this scope
       const map<int, vector<NormalizedBBox> >& all_gt_bboxes,
                             ^
./include/caffe/util/bbox_util.hpp:233:43: error: template argument 1 is invalid
       const map<int, vector<NormalizedBBox> >& all_gt_bboxes,
                                           ^
./include/caffe/util/bbox_util.hpp:233:43: error: template argument 2 is invalid
./include/caffe/util/bbox_util.hpp:233:45: error: template argument 2 is invalid
       const map<int, vector<NormalizedBBox> >& all_gt_bboxes,
                                             ^
./include/caffe/util/bbox_util.hpp:233:45: error: template argument 4 is invalid
./include/caffe/util/bbox_util.hpp:235:20: error: ‘NormalizedBBox’ was not declared in this scope
       const vector<NormalizedBBox>& prior_bboxes,
                    ^
./include/caffe/util/bbox_util.hpp:235:34: error: template argument 1 is invalid
       const vector<NormalizedBBox>& prior_bboxes,
                                  ^
./include/caffe/util/bbox_util.hpp:235:34: error: template argument 2 is invalid
./include/caffe/util/bbox_util.hpp:237:13: error: ‘MultiBoxLossParameter’ does not name a type
       const MultiBoxLossParameter& multibox_loss_param,
             ^
./include/caffe/util/bbox_util.hpp:249:27: error: ‘caffe::Blob’ is not a template
 void ComputeLocLoss(const Blob<Dtype>& loc_pred, const Blob<Dtype>& loc_gt,
                           ^
./include/caffe/util/bbox_util.hpp:249:56: error: ‘caffe::Blob’ is not a template
 void ComputeLocLoss(const Blob<Dtype>& loc_pred, const Blob<Dtype>& loc_gt,
                                                        ^
./include/caffe/util/bbox_util.hpp:251:50: error: ‘LocLossType’ does not name a type
       const int num, const int num_priors, const LocLossType loc_loss_type,
                                                  ^
./include/caffe/util/bbox_util.hpp:295:44: error: ‘ConfLossType’ does not name a type
       const int background_label_id, const ConfLossType loss_type,
                                            ^
./include/caffe/util/bbox_util.hpp:297:29: error: ‘NormalizedBBox’ was not declared in this scope
       const map<int, vector<NormalizedBBox> >& all_gt_bboxes,
                             ^
./include/caffe/util/bbox_util.hpp:297:43: error: template argument 1 is invalid
       const map<int, vector<NormalizedBBox> >& all_gt_bboxes,
                                           ^
./include/caffe/util/bbox_util.hpp:297:43: error: template argument 2 is invalid
./include/caffe/util/bbox_util.hpp:297:45: error: template argument 2 is invalid
       const map<int, vector<NormalizedBBox> >& all_gt_bboxes,
                                             ^
./include/caffe/util/bbox_util.hpp:297:45: error: template argument 4 is invalid
./include/caffe/util/bbox_util.hpp:312:44: error: ‘ConfLossType’ does not name a type
       const int background_label_id, const ConfLossType loss_type,
                                            ^
./include/caffe/util/bbox_util.hpp:327:35: error: ‘MultiBoxLossParameter’ does not name a type
       const int num_priors, const MultiBoxLossParameter& multibox_loss_param,
                                   ^
./include/caffe/util/bbox_util.hpp:330:29: error: ‘NormalizedBBox’ was not declared in this scope
       const map<int, vector<NormalizedBBox> >& all_gt_bboxes,
                             ^
./include/caffe/util/bbox_util.hpp:330:43: error: template argument 1 is invalid
       const map<int, vector<NormalizedBBox> >& all_gt_bboxes,
                                           ^
./include/caffe/util/bbox_util.hpp:330:43: error: template argument 2 is invalid
./include/caffe/util/bbox_util.hpp:330:45: error: template argument 2 is invalid
       const map<int, vector<NormalizedBBox> >& all_gt_bboxes,
                                             ^
./include/caffe/util/bbox_util.hpp:330:45: error: template argument 4 is invalid
./include/caffe/util/bbox_util.hpp:340:14: error: ‘NormalizedBBox’ was not declared in this scope
       vector<NormalizedBBox>* prior_bboxes,
              ^
./include/caffe/util/bbox_util.hpp:340:28: error: template argument 1 is invalid
       vector<NormalizedBBox>* prior_bboxes,
                            ^
./include/caffe/util/bbox_util.hpp:340:28: error: template argument 2 is invalid
./include/caffe/util/bbox_util.hpp:398:28: error: ‘NormalizedBBox’ was not declared in this scope
 void ApplyNMS(const vector<NormalizedBBox>& bboxes, const vector<float>& scores,
                            ^
./include/caffe/util/bbox_util.hpp:398:42: error: template argument 1 is invalid
 void ApplyNMS(const vector<NormalizedBBox>& bboxes, const vector<float>& scores,
                                          ^
./include/caffe/util/bbox_util.hpp:398:42: error: template argument 2 is invalid
./include/caffe/util/bbox_util.hpp:402:28: error: ‘NormalizedBBox’ was not declared in this scope
 void ApplyNMS(const vector<NormalizedBBox>& bboxes, const vector<float>& scores,
                            ^
./include/caffe/util/bbox_util.hpp:402:42: error: template argument 1 is invalid
 void ApplyNMS(const vector<NormalizedBBox>& bboxes, const vector<float>& scores,
                                          ^
./include/caffe/util/bbox_util.hpp:402:42: error: template argument 2 is invalid
./include/caffe/util/bbox_util.hpp:417:32: error: ‘NormalizedBBox’ was not declared in this scope
 void ApplyNMSFast(const vector<NormalizedBBox>& bboxes,
                                ^
./include/caffe/util/bbox_util.hpp:417:46: error: template argument 1 is invalid
 void ApplyNMSFast(const vector<NormalizedBBox>& bboxes,
                                              ^
./include/caffe/util/bbox_util.hpp:417:46: error: template argument 2 is invalid
./include/caffe/util/bbox_util.hpp:501:33: error: ‘caffe::Blob’ is not a template
           const bool clip_bbox, Blob<Dtype>* detection_blob);
                                 ^
./include/caffe/util/bbox_util.hpp:504:33: error: ‘caffe::Blob’ is not a template
   void ComputeConfLossGPU(const Blob<Dtype>& conf_blob, const int num,
                                 ^
./include/caffe/util/bbox_util.hpp:506:44: error: ‘ConfLossType’ does not name a type
       const int background_label_id, const ConfLossType loss_type,
                                            ^
./include/caffe/util/bbox_util.hpp:508:29: error: ‘NormalizedBBox’ was not declared in this scope
       const map<int, vector<NormalizedBBox> >& all_gt_bboxes,
                             ^
./include/caffe/util/bbox_util.hpp:508:43: error: template argument 1 is invalid
       const map<int, vector<NormalizedBBox> >& all_gt_bboxes,
                                           ^
./include/caffe/util/bbox_util.hpp:508:43: error: template argument 2 is invalid
./include/caffe/util/bbox_util.hpp:508:45: error: template argument 2 is invalid
       const map<int, vector<NormalizedBBox> >& all_gt_bboxes,
                                             ^
./include/caffe/util/bbox_util.hpp:508:45: error: template argument 4 is invalid
./include/caffe/util/bbox_util.hpp:516:57: error: ‘caffe::Blob’ is not a template
 void VisualizeBBox(const vector<cv::Mat>& images, const Blob<Dtype>* detections,
                                                         ^
In file included from src/caffe/util/sampler.cpp:5:0:
./include/caffe/util/sampler.hpp:13:30: error: ‘AnnotatedDatum’ does not name a type
 void GroupObjectBBoxes(const AnnotatedDatum& anno_datum,
                              ^
./include/caffe/util/sampler.hpp:14:31: error: ‘NormalizedBBox’ was not declared in this scope
                        vector<NormalizedBBox>* object_bboxes);
                               ^
./include/caffe/util/sampler.hpp:14:45: error: template argument 1 is invalid
                        vector<NormalizedBBox>* object_bboxes);
                                             ^
./include/caffe/util/sampler.hpp:14:45: error: template argument 2 is invalid
./include/caffe/util/sampler.hpp:17:36: error: ‘NormalizedBBox’ does not name a type
 bool SatisfySampleConstraint(const NormalizedBBox& sampled_bbox,
                                    ^
./include/caffe/util/sampler.hpp:18:43: error: ‘NormalizedBBox’ was not declared in this scope
                              const vector<NormalizedBBox>& object_bboxes,
                                           ^
./include/caffe/util/sampler.hpp:18:57: error: template argument 1 is invalid
                              const vector<NormalizedBBox>& object_bboxes,
                                                         ^
./include/caffe/util/sampler.hpp:18:57: error: template argument 2 is invalid
./include/caffe/util/sampler.hpp:19:36: error: ‘SampleConstraint’ does not name a type
                              const SampleConstraint& sample_constraint);
                                    ^
./include/caffe/util/sampler.hpp:22:23: error: ‘Sampler’ does not name a type
 void SampleBBox(const Sampler& sampler, NormalizedBBox* sampled_bbox);
                       ^
./include/caffe/util/sampler.hpp:22:41: error: ‘NormalizedBBox’ has not been declared
 void SampleBBox(const Sampler& sampler, NormalizedBBox* sampled_bbox);
                                         ^
./include/caffe/util/sampler.hpp:25:28: error: ‘NormalizedBBox’ does not name a type
 void GenerateSamples(const NormalizedBBox& source_bbox,
                            ^
./include/caffe/util/sampler.hpp:26:35: error: ‘NormalizedBBox’ was not declared in this scope
                      const vector<NormalizedBBox>& object_bboxes,
                                   ^
./include/caffe/util/sampler.hpp:26:49: error: template argument 1 is invalid
                      const vector<NormalizedBBox>& object_bboxes,
                                                 ^
./include/caffe/util/sampler.hpp:26:49: error: template argument 2 is invalid
./include/caffe/util/sampler.hpp:27:28: error: ‘BatchSampler’ does not name a type
                      const BatchSampler& batch_sampler,
                            ^
./include/caffe/util/sampler.hpp:28:29: error: ‘NormalizedBBox’ was not declared in this scope
                      vector<NormalizedBBox>* sampled_bboxes);
                             ^
./include/caffe/util/sampler.hpp:28:43: error: template argument 1 is invalid
                      vector<NormalizedBBox>* sampled_bboxes);
                                           ^
./include/caffe/util/sampler.hpp:28:43: error: template argument 2 is invalid
./include/caffe/util/sampler.hpp:33:33: error: ‘AnnotatedDatum’ does not name a type
 void GenerateBatchSamples(const AnnotatedDatum& anno_datum,
                                 ^
./include/caffe/util/sampler.hpp:34:40: error: ‘BatchSampler’ was not declared in this scope
                           const vector<BatchSampler>& batch_samplers,
                                        ^
./include/caffe/util/sampler.hpp:34:52: error: template argument 1 is invalid
                           const vector<BatchSampler>& batch_samplers,
                                                    ^
./include/caffe/util/sampler.hpp:34:52: error: template argument 2 is invalid
./include/caffe/util/sampler.hpp:35:34: error: ‘NormalizedBBox’ was not declared in this scope
                           vector<NormalizedBBox>* sampled_bboxes);
                                  ^
./include/caffe/util/sampler.hpp:35:48: error: template argument 1 is invalid
                           vector<NormalizedBBox>* sampled_bboxes);
                                                ^
./include/caffe/util/sampler.hpp:35:48: error: template argument 2 is invalid
src/caffe/util/sampler.cpp:9:30: error: ‘AnnotatedDatum’ does not name a type
 void GroupObjectBBoxes(const AnnotatedDatum& anno_datum,
                              ^
src/caffe/util/sampler.cpp:10:31: error: ‘NormalizedBBox’ was not declared in this scope
                        vector<NormalizedBBox>* object_bboxes) {
                               ^
src/caffe/util/sampler.cpp:10:45: error: template argument 1 is invalid
                        vector<NormalizedBBox>* object_bboxes) {
                                             ^
src/caffe/util/sampler.cpp:10:45: error: template argument 2 is invalid
src/caffe/util/sampler.cpp: In function ‘void caffe::GroupObjectBBoxes(const int&, int*)’:
src/caffe/util/sampler.cpp:11:18: error: request for member ‘clear’ in ‘* object_bboxes’, which is of non-class type ‘int’
   object_bboxes->clear();
                  ^
src/caffe/util/sampler.cpp:12:34: error: request for member ‘annotation_group_size’ in ‘anno_datum’, which is of non-class type ‘const int’
   for (int i = 0; i < anno_datum.annotation_group_size(); ++i) {
                                  ^
src/caffe/util/sampler.cpp:13:11: error: ‘AnnotationGroup’ does not name a type
     const AnnotationGroup& anno_group = anno_datum.annotation_group(i);
           ^
src/caffe/util/sampler.cpp:14:25: error: ‘anno_group’ was not declared in this scope
     for (int j = 0; j < anno_group.annotation_size(); ++j) {
                         ^
src/caffe/util/sampler.cpp:15:13: error: ‘Annotation’ does not name a type
       const Annotation& anno = anno_group.annotation(j);
             ^
src/caffe/util/sampler.cpp:16:22: error: request for member ‘push_back’ in ‘* object_bboxes’, which is of non-class type ‘int’
       object_bboxes->push_back(anno.bbox());
                      ^
src/caffe/util/sampler.cpp:16:32: error: ‘anno’ was not declared in this scope
       object_bboxes->push_back(anno.bbox());
                                ^
src/caffe/util/sampler.cpp: At global scope:
src/caffe/util/sampler.cpp:21:36: error: ‘NormalizedBBox’ does not name a type
 bool SatisfySampleConstraint(const NormalizedBBox& sampled_bbox,
                                    ^
src/caffe/util/sampler.cpp:22:43: error: ‘NormalizedBBox’ was not declared in this scope
                              const vector<NormalizedBBox>& object_bboxes,
                                           ^
src/caffe/util/sampler.cpp:22:57: error: template argument 1 is invalid
                              const vector<NormalizedBBox>& object_bboxes,
                                                         ^
src/caffe/util/sampler.cpp:22:57: error: template argument 2 is invalid
src/caffe/util/sampler.cpp:23:36: error: ‘SampleConstraint’ does not name a type
                              const SampleConstraint& sample_constraint) {
                                    ^
src/caffe/util/sampler.cpp: In function ‘bool caffe::SatisfySampleConstraint(const int&, const int&, const int&)’:
src/caffe/util/sampler.cpp:24:48: error: request for member ‘has_min_jaccard_overlap’ in ‘sample_constraint’, which is of non-class type ‘const int’
   bool has_jaccard_overlap = sample_constraint.has_min_jaccard_overlap() ||
                                                ^
src/caffe/util/sampler.cpp:25:25: error: request for member ‘has_max_jaccard_overlap’ in ‘sample_constraint’, which is of non-class type ‘const int’
       sample_constraint.has_max_jaccard_overlap();
                         ^
src/caffe/util/sampler.cpp:26:48: error: request for member ‘has_min_sample_coverage’ in ‘sample_constraint’, which is of non-class type ‘const int’
   bool has_sample_coverage = sample_constraint.has_min_sample_coverage() ||
                                                ^
src/caffe/util/sampler.cpp:27:25: error: request for member ‘has_max_sample_coverage’ in ‘sample_constraint’, which is of non-class type ‘const int’
       sample_constraint.has_max_sample_coverage();
                         ^
src/caffe/util/sampler.cpp:28:48: error: request for member ‘has_min_object_coverage’ in ‘sample_constraint’, which is of non-class type ‘const int’
   bool has_object_coverage = sample_constraint.has_min_object_coverage() ||
                                                ^
src/caffe/util/sampler.cpp:29:25: error: request for member ‘has_max_object_coverage’ in ‘sample_constraint’, which is of non-class type ‘const int’
       sample_constraint.has_max_object_coverage();
                         ^
src/caffe/util/sampler.cpp:38:37: error: request for member ‘size’ in ‘object_bboxes’, which is of non-class type ‘const int’
   for (int i = 0; i < object_bboxes.size(); ++i) {
                                     ^
src/caffe/util/sampler.cpp:39:11: error: ‘NormalizedBBox’ does not name a type
     const NormalizedBBox& object_bbox = object_bboxes[i];
           ^
src/caffe/util/sampler.cpp:42:66: error: ‘object_bbox’ was not declared in this scope
       const float jaccard_overlap = JaccardOverlap(sampled_bbox, object_bbox);
                                                                  ^
src/caffe/util/sampler.cpp:43:29: error: request for member ‘has_min_jaccard_overlap’ in ‘sample_constraint’, which is of non-class type ‘const int’
       if (sample_constraint.has_min_jaccard_overlap() &&
                             ^
src/caffe/util/sampler.cpp:44:47: error: request for member ‘min_jaccard_overlap’ in ‘sample_constraint’, which is of non-class type ‘const int’
           jaccard_overlap < sample_constraint.min_jaccard_overlap()) {
                                               ^
src/caffe/util/sampler.cpp:47:29: error: request for member ‘has_max_jaccard_overlap’ in ‘sample_constraint’, which is of non-class type ‘const int’
       if (sample_constraint.has_max_jaccard_overlap() &&
                             ^
src/caffe/util/sampler.cpp:48:47: error: request for member ‘max_jaccard_overlap’ in ‘sample_constraint’, which is of non-class type ‘const int’
           jaccard_overlap > sample_constraint.max_jaccard_overlap()) {
                                               ^
src/caffe/util/sampler.cpp:55:64: error: ‘object_bbox’ was not declared in this scope
       const float sample_coverage = BBoxCoverage(sampled_bbox, object_bbox);
                                                                ^
src/caffe/util/sampler.cpp:56:29: error: request for member ‘has_min_sample_coverage’ in ‘sample_constraint’, which is of non-class type ‘const int’
       if (sample_constraint.has_min_sample_coverage() &&
                             ^
src/caffe/util/sampler.cpp:57:47: error: request for member ‘min_sample_coverage’ in ‘sample_constraint’, which is of non-class type ‘const int’
           sample_coverage < sample_constraint.min_sample_coverage()) {
                                               ^
src/caffe/util/sampler.cpp:60:29: error: request for member ‘has_max_sample_coverage’ in ‘sample_constraint’, which is of non-class type ‘const int’
       if (sample_constraint.has_max_sample_coverage() &&
                             ^
src/caffe/util/sampler.cpp:61:47: error: request for member ‘max_sample_coverage’ in ‘sample_constraint’, which is of non-class type ‘const int’
           sample_coverage > sample_constraint.max_sample_coverage()) {
                                               ^
src/caffe/util/sampler.cpp:68:50: error: ‘object_bbox’ was not declared in this scope
       const float object_coverage = BBoxCoverage(object_bbox, sampled_bbox);
                                                  ^
src/caffe/util/sampler.cpp:69:29: error: request for member ‘has_min_object_coverage’ in ‘sample_constraint’, which is of non-class type ‘const int’
       if (sample_constraint.has_min_object_coverage() &&
                             ^
src/caffe/util/sampler.cpp:70:47: error: request for member ‘min_object_coverage’ in ‘sample_constraint’, which is of non-class type ‘const int’
           object_coverage < sample_constraint.min_object_coverage()) {
                                               ^
src/caffe/util/sampler.cpp:73:29: error: request for member ‘has_max_object_coverage’ in ‘sample_constraint’, which is of non-class type ‘const int’
       if (sample_constraint.has_max_object_coverage() &&
                             ^
src/caffe/util/sampler.cpp:74:47: error: request for member ‘max_object_coverage’ in ‘sample_constraint’, which is of non-class type ‘const int’
           object_coverage > sample_constraint.max_object_coverage()) {
                                               ^
src/caffe/util/sampler.cpp: At global scope:
src/caffe/util/sampler.cpp:86:23: error: ‘Sampler’ does not name a type
 void SampleBBox(const Sampler& sampler, NormalizedBBox* sampled_bbox) {
                       ^
src/caffe/util/sampler.cpp:86:41: error: ‘NormalizedBBox’ has not been declared
 void SampleBBox(const Sampler& sampler, NormalizedBBox* sampled_bbox) {
                                         ^
In file included from ./include/caffe/util/bbox_util.hpp:17:0,
                 from src/caffe/util/sampler.cpp:4:
src/caffe/util/sampler.cpp: In function ‘void caffe::SampleBBox(const int&, int*)’:
src/caffe/util/sampler.cpp:88:20: error: request for member ‘max_scale’ in ‘sampler’, which is of non-class type ‘const int’
   CHECK_GE(sampler.max_scale(), sampler.min_scale());
                    ^
src/caffe/util/sampler.cpp:88:41: error: request for member ‘min_scale’ in ‘sampler’, which is of non-class type ‘const int’
   CHECK_GE(sampler.max_scale(), sampler.min_scale());
                                         ^
src/caffe/util/sampler.cpp:89:20: error: request for member ‘min_scale’ in ‘sampler’, which is of non-class type ‘const int’
   CHECK_GT(sampler.min_scale(), 0.);
                    ^
src/caffe/util/sampler.cpp:90:20: error: request for member ‘max_scale’ in ‘sampler’, which is of non-class type ‘const int’
   CHECK_LE(sampler.max_scale(), 1.);
                    ^
src/caffe/util/sampler.cpp:92:32: error: request for member ‘min_scale’ in ‘sampler’, which is of non-class type ‘const int’
   caffe_rng_uniform(1, sampler.min_scale(), sampler.max_scale(), &scale);
                                ^
src/caffe/util/sampler.cpp:92:53: error: request for member ‘max_scale’ in ‘sampler’, which is of non-class type ‘const int’
   caffe_rng_uniform(1, sampler.min_scale(), sampler.max_scale(), &scale);
                                                     ^
In file included from ./include/caffe/util/bbox_util.hpp:17:0,
                 from src/caffe/util/sampler.cpp:4:
src/caffe/util/sampler.cpp:95:20: error: request for member ‘max_aspect_ratio’ in ‘sampler’, which is of non-class type ‘const int’
   CHECK_GE(sampler.max_aspect_ratio(), sampler.min_aspect_ratio());
                    ^
src/caffe/util/sampler.cpp:95:48: error: request for member ‘min_aspect_ratio’ in ‘sampler’, which is of non-class type ‘const int’
   CHECK_GE(sampler.max_aspect_ratio(), sampler.min_aspect_ratio());
                                                ^
src/caffe/util/sampler.cpp:96:20: error: request for member ‘min_aspect_ratio’ in ‘sampler’, which is of non-class type ‘const int’
   CHECK_GT(sampler.min_aspect_ratio(), 0.);
                    ^
src/caffe/util/sampler.cpp:97:20: error: request for member ‘max_aspect_ratio’ in ‘sampler’, which is of non-class type ‘const int’
   CHECK_LT(sampler.max_aspect_ratio(), FLT_MAX);
                    ^
src/caffe/util/sampler.cpp:99:32: error: request for member ‘min_aspect_ratio’ in ‘sampler’, which is of non-class type ‘const int’
   caffe_rng_uniform(1, sampler.min_aspect_ratio(), sampler.max_aspect_ratio(),
                                ^
src/caffe/util/sampler.cpp:99:60: error: request for member ‘max_aspect_ratio’ in ‘sampler’, which is of non-class type ‘const int’
   caffe_rng_uniform(1, sampler.min_aspect_ratio(), sampler.max_aspect_ratio(),
                                                            ^
src/caffe/util/sampler.cpp:114:17: error: request for member ‘set_xmin’ in ‘* sampled_bbox’, which is of non-class type ‘int’
   sampled_bbox->set_xmin(w_off);
                 ^
src/caffe/util/sampler.cpp:115:17: error: request for member ‘set_ymin’ in ‘* sampled_bbox’, which is of non-class type ‘int’
   sampled_bbox->set_ymin(h_off);
                 ^
src/caffe/util/sampler.cpp:116:17: error: request for member ‘set_xmax’ in ‘* sampled_bbox’, which is of non-class type ‘int’
   sampled_bbox->set_xmax(w_off + bbox_width);
                 ^
src/caffe/util/sampler.cpp:117:17: error: request for member ‘set_ymax’ in ‘* sampled_bbox’, which is of non-class type ‘int’
   sampled_bbox->set_ymax(h_off + bbox_height);
                 ^
src/caffe/util/sampler.cpp: At global scope:
src/caffe/util/sampler.cpp:120:28: error: ‘NormalizedBBox’ does not name a type
 void GenerateSamples(const NormalizedBBox& source_bbox,
                            ^
src/caffe/util/sampler.cpp:121:35: error: ‘NormalizedBBox’ was not declared in this scope
                      const vector<NormalizedBBox>& object_bboxes,
                                   ^
src/caffe/util/sampler.cpp:121:49: error: template argument 1 is invalid
                      const vector<NormalizedBBox>& object_bboxes,
                                                 ^
src/caffe/util/sampler.cpp:121:49: error: template argument 2 is invalid
src/caffe/util/sampler.cpp:122:28: error: ‘BatchSampler’ does not name a type
                      const BatchSampler& batch_sampler,
                            ^
src/caffe/util/sampler.cpp:123:29: error: ‘NormalizedBBox’ was not declared in this scope
                      vector<NormalizedBBox>* sampled_bboxes) {
                             ^
src/caffe/util/sampler.cpp:123:43: error: template argument 1 is invalid
                      vector<NormalizedBBox>* sampled_bboxes) {
                                           ^
src/caffe/util/sampler.cpp:123:43: error: template argument 2 is invalid
src/caffe/util/sampler.cpp: In function ‘void caffe::GenerateSamples(const int&, const int&, const int&, int*)’:
src/caffe/util/sampler.cpp:125:37: error: request for member ‘max_trials’ in ‘batch_sampler’, which is of non-class type ‘const int’
   for (int i = 0; i < batch_sampler.max_trials(); ++i) {
                                     ^
src/caffe/util/sampler.cpp:126:23: error: request for member ‘has_max_sample’ in ‘batch_sampler’, which is of non-class type ‘const int’
     if (batch_sampler.has_max_sample() &&
                       ^
src/caffe/util/sampler.cpp:127:32: error: request for member ‘max_sample’ in ‘batch_sampler’, which is of non-class type ‘const int’
         found >= batch_sampler.max_sample()) {
                                ^
src/caffe/util/sampler.cpp:131:5: error: ‘NormalizedBBox’ was not declared in this scope
     NormalizedBBox sampled_bbox;
     ^
src/caffe/util/sampler.cpp:132:30: error: request for member ‘sampler’ in ‘batch_sampler’, which is of non-class type ‘const int’
     SampleBBox(batch_sampler.sampler(), &sampled_bbox);
                              ^
src/caffe/util/sampler.cpp:132:42: error: ‘sampled_bbox’ was not declared in this scope
     SampleBBox(batch_sampler.sampler(), &sampled_bbox);
                                          ^
src/caffe/util/sampler.cpp:137:47: error: request for member ‘sample_constraint’ in ‘batch_sampler’, which is of non-class type ‘const int’
                                 batch_sampler.sample_constraint())) {
                                               ^
src/caffe/util/sampler.cpp:139:23: error: request for member ‘push_back’ in ‘* sampled_bboxes’, which is of non-class type ‘int’
       sampled_bboxes->push_back(sampled_bbox);
                       ^
src/caffe/util/sampler.cpp: At global scope:
src/caffe/util/sampler.cpp:144:33: error: ‘AnnotatedDatum’ does not name a type
 void GenerateBatchSamples(const AnnotatedDatum& anno_datum,
                                 ^
src/caffe/util/sampler.cpp:145:40: error: ‘BatchSampler’ was not declared in this scope
                           const vector<BatchSampler>& batch_samplers,
                                        ^
src/caffe/util/sampler.cpp:145:52: error: template argument 1 is invalid
                           const vector<BatchSampler>& batch_samplers,
                                                    ^
src/caffe/util/sampler.cpp:145:52: error: template argument 2 is invalid
src/caffe/util/sampler.cpp:146:34: error: ‘NormalizedBBox’ was not declared in this scope
                           vector<NormalizedBBox>* sampled_bboxes) {
                                  ^
src/caffe/util/sampler.cpp:146:48: error: template argument 1 is invalid
                           vector<NormalizedBBox>* sampled_bboxes) {
                                                ^
src/caffe/util/sampler.cpp:146:48: error: template argument 2 is invalid
src/caffe/util/sampler.cpp: In function ‘void caffe::GenerateBatchSamples(const int&, const int&, int*)’:
src/caffe/util/sampler.cpp:147:19: error: request for member ‘clear’ in ‘* sampled_bboxes’, which is of non-class type ‘int’
   sampled_bboxes->clear();
                   ^
src/caffe/util/sampler.cpp:148:10: error: ‘NormalizedBBox’ was not declared in this scope
   vector<NormalizedBBox> object_bboxes;
          ^
src/caffe/util/sampler.cpp:148:24: error: template argument 1 is invalid
   vector<NormalizedBBox> object_bboxes;
                        ^
src/caffe/util/sampler.cpp:148:24: error: template argument 2 is invalid
src/caffe/util/sampler.cpp:150:38: error: request for member ‘size’ in ‘batch_samplers’, which is of non-class type ‘const int’
   for (int i = 0; i < batch_samplers.size(); ++i) {
                                      ^
src/caffe/util/sampler.cpp:151:25: error: invalid types ‘const int[int]’ for array subscript
     if (batch_samplers[i].use_original_image()) {
                         ^
src/caffe/util/sampler.cpp:152:22: error: expected ‘;’ before ‘unit_bbox’
       NormalizedBBox unit_bbox;
                      ^
src/caffe/util/sampler.cpp:153:7: error: ‘unit_bbox’ was not declared in this scope
       unit_bbox.set_xmin(0);
       ^
src/caffe/util/sampler.cpp:157:65: error: invalid types ‘const int[int]’ for array subscript
       GenerateSamples(unit_bbox, object_bboxes, batch_samplers[i],
                                                                 ^
